[            ][0][[32mINFO [0m] Welcome to Hermit 0.12.0
[            ][0][[32mINFO [0m] Enabled features: 
[            ][0][[32mINFO [0m] Built on Sun, 10 May 2026 22:40:01 +0000
[            ][0][[32mINFO [0m] Kernel starts at 0x33440000
[            ][0][[32mINFO [0m] FDT:
 / {
    compatible = "hermit,uhyve"
    #address-cells = <0x2>
    #size-cells = <0x2>

    memory@33400000 {
        device_type = "memory"
        reg = <0x33400000 0x4000000>
    };

    hermit,tsc {
        khz = <0x27abf6>
    };

    chosen {
        bootargs = ""
    };
};

[            ][0][[32mINFO [0m] BSS starts at 0x336642f0
[            ][0][[32mINFO [0m] tls_info = Some(
    TlsInfo {
        start: 0x3363d108,
        filesz: 0x20,
        memsz: 0x70,
        align: 0x8,
    },
)
[            ][0][[32mINFO [0m] Total memory size: 60 MiB
[            ][0][[32mINFO [0m] Kernel region: 0x33400000..0x33800000
[            ][0][[32mINFO [0m] Minimum memory size: 8 MiB
[            ][0][[32mINFO [0m] Heap: size 44 MB, start address 0x400000000000
[            ][0][[32mINFO [0m] Heap is located at 0x400000000000..0x400002c00000 (0 Bytes unmapped)
[            ][0][[32mINFO [0m] FrameAlloc free list:
        0x33a02000..        0x33c00000 (len =           0x1fe000, pages =              510)
        0x36600000..        0x37400000 (len =           0xe00000, pages =             3584)
[            ][0][[32mINFO [0m] PageAlloc free list:
    0x400002c00000..    0x800000000000 (len =     0x3ffffd400000, pages =      17179857920)
[            ][0][[32mINFO [0m] bootargs = 
[    0.006038][0][[32mINFO [0m] 
[    0.006080][0][[32mINFO [0m] ========================== CPU INFORMATION ===========================
[    0.006161][0][[32mINFO [0m] Model:                   uhyve - unikernel hypervisor
[    0.006233][0][[32mINFO [0m] Frequency:               2599 MHz (from FDT)
[    0.006268][0][[32mINFO [0m] SpeedStep Technology:    Not Available
[    0.006300][0][[32mINFO [0m] Features:                MMX SSE SSE2 SSE3 SSSE3 SSE4.1 SSE4.2 AVX AESNI RDRAND MCE FXSR XSAVE VMX RDTSCP CLFLUSH TSC-DEADLINE X2APIC HYPERVISOR FSGSBASE 
[    0.006349][0][[32mINFO [0m] Physical Address Width:  46 bits
[    0.006381][0][[32mINFO [0m] Linear Address Width:    48 bits
[    0.006413][0][[32mINFO [0m] Supports 1GiB Pages:     Yes
[    0.006444][0][[32mINFO [0m] ======================================================================
[    0.006484][0][[32mINFO [0m] 
[    0.006680][0][[32mINFO [0m] Hermit booted on 2026-05-10 23:07:40.810175055 +00:00:00
[    0.006778][0][[33mWARN [0m] Using default APIC address: 0xfee00000
[    0.009432][0][[32mINFO [0m] Hermit is running on uhyve!
[    0.010424][0][[32mINFO [0m] Try to initialize uhyve filesystem
[    0.010508][0][[32mINFO [0m] Mounting uhyve filesystem at /root
[    0.010669][0][[32mINFO [0m] Jumping into application
[    0.010780][0][[33mWARN [0m] Unable to read entropy! Fallback to a naive implementation!
PROBE_OK
CANARY_PROBE_BEGIN
STACK_SMASH_ALLOWED
[    0.011282][0][[31mERROR[0m] General Protection (#GP) Exception: InterruptStackFrame {
    instruction_pointer: VirtAddr(
        0x334975e6,
    ),
    code_segment: SegmentSelector {
        index: 1,
        rpl: Ring0,
    },
    cpu_flags: RFlags(
        RESUME_FLAG | IOPL_LOW | INTERRUPT_FLAG | 0x2,
    ),
    stack_pointer: VirtAddr(
        0x400002d1a9c8,
    ),
    stack_segment: SegmentSelector {
        index: 2,
        rpl: Ring0,
    },
}, error 0x0
[    0.011727][0][[31mERROR[0m] fs = 0x400000000FB0, gs = 0x33662A80
