[            ][0][[32mINFO [0m] Welcome to Hermit 0.12.0
[            ][0][[32mINFO [0m] Enabled features: 
[            ][0][[32mINFO [0m] Built on Sun, 10 May 2026 22:40:01 +0000
[            ][0][[32mINFO [0m] Kernel starts at 0x4e240000
[            ][0][[32mINFO [0m] FDT:
 / {
    compatible = "hermit,uhyve"
    #address-cells = <0x2>
    #size-cells = <0x2>

    memory@4e200000 {
        device_type = "memory"
        reg = <0x4e200000 0x4000000>
    };

    hermit,tsc {
        khz = <0x27abf6>
    };

    chosen {
        bootargs = ""
    };
};

[            ][0][[32mINFO [0m] BSS starts at 0x4e4643f0
[            ][0][[32mINFO [0m] tls_info = Some(
    TlsInfo {
        start: 0x4e43d208,
        filesz: 0x20,
        memsz: 0x70,
        align: 0x8,
    },
)
[            ][0][[32mINFO [0m] Total memory size: 60 MiB
[            ][0][[32mINFO [0m] Kernel region: 0x4e200000..0x4e600000
[            ][0][[32mINFO [0m] Minimum memory size: 8 MiB
[            ][0][[32mINFO [0m] Heap: size 44 MB, start address 0x400000000000
[            ][0][[32mINFO [0m] Heap is located at 0x400000000000..0x400002c00000 (0 Bytes unmapped)
[            ][0][[32mINFO [0m] FrameAlloc free list:
        0x4e802000..        0x4ea00000 (len =           0x1fe000, pages =              510)
        0x51400000..        0x52200000 (len =           0xe00000, pages =             3584)
[            ][0][[32mINFO [0m] PageAlloc free list:
    0x400002c00000..    0x800000000000 (len =     0x3ffffd400000, pages =      17179857920)
[            ][0][[32mINFO [0m] bootargs = 
[    0.005105][0][[32mINFO [0m] 
[    0.005144][0][[32mINFO [0m] ========================== CPU INFORMATION ===========================
[    0.005216][0][[32mINFO [0m] Model:                   uhyve - unikernel hypervisor
[    0.005257][0][[32mINFO [0m] Frequency:               2599 MHz (from FDT)
[    0.005297][0][[32mINFO [0m] SpeedStep Technology:    Not Available
[    0.005333][0][[32mINFO [0m] Features:                MMX SSE SSE2 SSE3 SSSE3 SSE4.1 SSE4.2 AVX AESNI RDRAND MCE FXSR XSAVE VMX RDTSCP CLFLUSH TSC-DEADLINE X2APIC HYPERVISOR FSGSBASE 
[    0.005389][0][[32mINFO [0m] Physical Address Width:  46 bits
[    0.005426][0][[32mINFO [0m] Linear Address Width:    48 bits
[    0.005462][0][[32mINFO [0m] Supports 1GiB Pages:     Yes
[    0.005498][0][[32mINFO [0m] ======================================================================
[    0.005545][0][[32mINFO [0m] 
[    0.005748][0][[32mINFO [0m] Hermit booted on 2026-05-10 23:05:10.130601457 +00:00:00
[    0.005829][0][[33mWARN [0m] Using default APIC address: 0xfee00000
[    0.008466][0][[32mINFO [0m] Hermit is running on uhyve!
[    0.009417][0][[32mINFO [0m] Try to initialize uhyve filesystem
[    0.009501][0][[32mINFO [0m] Mounting uhyve filesystem at /root
[    0.009659][0][[32mINFO [0m] Jumping into application
[    0.009789][0][[33mWARN [0m] Unable to read entropy! Fallback to a naive implementation!
PROBE_OK
HEAP_EXEC_BEGIN
[    0.010172][0][[31mERROR[0m] Page fault (#PF)!
[    0.010224][0][[31mERROR[0m] page_fault_linear_address = 0x40000000f7e0
[    0.010260][0][[31mERROR[0m] error_code = PageFaultErrorCode(PROTECTION_VIOLATION | INSTRUCTION_FETCH)
[    0.010310][0][[31mERROR[0m] fs = 0x400000000FB0
[    0.010345][0][[31mERROR[0m] gs = 0x4E462B80
[    0.010378][0][[31mERROR[0m] stack_frame = InterruptStackFrame {
    instruction_pointer: VirtAddr(
        0x40000000f7e0,
    ),
    code_segment: SegmentSelector {
        index: 1,
        rpl: Ring0,
    },
    cpu_flags: RFlags(
        RESUME_FLAG | IOPL_LOW | INTERRUPT_FLAG | 0x2,
    ),
    stack_pointer: VirtAddr(
        0x400002d1a998,
    ),
    stack_segment: SegmentSelector {
        index: 2,
        rpl: Ring0,
    },
}
