c[?7l[2J[0mSeaBIOS (version 1.16.3-debian-1.16.3-2)


iPXE (https://ipxe.org) 00:03.0 CA00 PCI2.10 PnP PMM+0EFC7E00+0EF07E00 CA00
Press Ctrl-B to configure iPXE (PCI 00:03.0)...                                                                               


Booting from ROM..Powered by
o.   .o       _ _               __ _
Oo   Oo  ___ (_) | __ __  __ _ ' _) :_
oO   oO ' _ `| | |/ /  _)' _` | |_|  _)
oOo oOO| | | | |   (| | | (_) |  _) :_
 OoOoO ._, ._:_:_,\_._,  .__,_:_, \___)
                          Kiviuq 0.20.0
PROBE_OK
STACK_EXEC_BEGIN
[    0.107331] CRIT: [libkvmplat] <traps.c @   84> Unhandled Trap 6 (invalid opcode), error code=0x0
[    0.109744] CRIT: [libkvmplat] <trace.c @   41> RIP: 0000000000010f78 CS: 0008
[    0.110135] CRIT: [libkvmplat] <trace.c @   42> RSP: 0000000000010f58 SS: 0010 EFLAGS: 00010213
[    0.110601] CRIT: [libkvmplat] <trace.c @   44> RAX: 0000000000010f7e RBX: 0000000000138020 RCX: 0000000000000009
[    0.111113] CRIT: [libkvmplat] <trace.c @   46> RDX: 00000000000003d4 RSI: 000000000000000a RDI: 0000000000139008
[    0.111647] CRIT: [libkvmplat] <trace.c @   48> RBP: 0000000000010f70 R08: 00000000000003f8 R09: 0000000000000202
[    0.112156] CRIT: [libkvmplat] <trace.c @   50> R10: 0000000000000002 R11: 0000000000129530 R12: 0000000000013020
[    0.112698] CRIT: [libkvmplat] <trace.c @   52> R13: 0000000000011000 R14: 000000000ffd0040 R15: 0000000000000000
[    0.114911] CRIT: [libkvmplat] <traps.c @   90> Crashing
